TN:
SF:/home/aman/Desktop/Fuzz data/one-world-fuzz/lib/forge-std/src/Base.sol
DA:1,0
end_of_record

SF:/home/aman/Desktop/Fuzz data/one-world-fuzz/lib/forge-std/src/StdAssertions.sol
DA:38,0
DA:39,0
DA:40,0
DA:42,0
end_of_record

SF:/home/aman/Desktop/Fuzz data/one-world-fuzz/lib/forge-std/src/StdChains.sol
DA:66,0
end_of_record

SF:/home/aman/Desktop/Fuzz data/one-world-fuzz/lib/forge-std/src/StdCheats.sol
end_of_record

SF:/home/aman/Desktop/Fuzz data/one-world-fuzz/lib/forge-std/src/StdError.sol
DA:5,0
DA:6,0
DA:7,0
DA:8,0
DA:9,0
DA:10,0
DA:11,0
DA:12,0
DA:13,0
DA:14,0
end_of_record

SF:/home/aman/Desktop/Fuzz data/one-world-fuzz/lib/forge-std/src/StdInvariant.sol
DA:83,0
DA:84,0
DA:87,0
DA:88,0
DA:91,0
DA:92,0
DA:95,0
DA:96,0
DA:99,0
DA:100,0
DA:103,0
DA:104,0
DA:107,0
DA:108,0
DA:111,0
DA:112,0
DA:115,0
DA:116,0
DA:119,0
DA:120,0
end_of_record

SF:/home/aman/Desktop/Fuzz data/one-world-fuzz/lib/forge-std/src/StdJson.sol
DA:25,0
end_of_record

SF:/home/aman/Desktop/Fuzz data/one-world-fuzz/lib/forge-std/src/StdMath.sol
DA:4,0
end_of_record

SF:/home/aman/Desktop/Fuzz data/one-world-fuzz/lib/forge-std/src/StdStorage.sol
DA:24,0
DA:334,0
end_of_record

SF:/home/aman/Desktop/Fuzz data/one-world-fuzz/lib/forge-std/src/StdStyle.sol
DA:6,0
end_of_record

SF:/home/aman/Desktop/Fuzz data/one-world-fuzz/lib/forge-std/src/StdToml.sol
DA:25,0
end_of_record

SF:/home/aman/Desktop/Fuzz data/one-world-fuzz/lib/forge-std/src/StdUtils.sol
end_of_record

SF:/home/aman/Desktop/Fuzz data/one-world-fuzz/lib/forge-std/src/Test.sol
DA:32,0
end_of_record

SF:/home/aman/Desktop/Fuzz data/one-world-fuzz/lib/forge-std/src/Vm.sol
end_of_record

SF:/home/aman/Desktop/Fuzz data/one-world-fuzz/lib/forge-std/src/console.sol
DA:4,0
DA:6,0
DA:8,0
DA:9,0
DA:11,0
DA:12,0
DA:13,0
DA:14,0
DA:15,0
DA:16,0
DA:17,0
DA:18,0
DA:19,0
DA:33,0
DA:34,0
DA:229,0
DA:230,0
end_of_record

SF:/home/aman/Desktop/Fuzz data/one-world-fuzz/lib/forge-std/src/console2.sol
end_of_record

SF:/home/aman/Desktop/Fuzz data/one-world-fuzz/lib/forge-std/src/interfaces/IERC165.sol
end_of_record

SF:/home/aman/Desktop/Fuzz data/one-world-fuzz/lib/forge-std/src/interfaces/IERC20.sol
end_of_record

SF:/home/aman/Desktop/Fuzz data/one-world-fuzz/lib/forge-std/src/interfaces/IERC721.sol
end_of_record

SF:/home/aman/Desktop/Fuzz data/one-world-fuzz/lib/forge-std/src/interfaces/IMulticall3.sol
end_of_record

SF:/home/aman/Desktop/Fuzz data/one-world-fuzz/lib/forge-std/src/mocks/MockERC20.sol
DA:8,0
DA:19,0
DA:20,0
DA:23,0
DA:24,0
DA:27,0
DA:28,0
DA:41,0
DA:42,0
DA:45,0
DA:46,0
DA:49,0
DA:50,0
DA:61,0
DA:72,0
DA:73,0
DA:75,0
DA:76,0
DA:77,0
DA:79,0
DA:80,0
DA:82,0
DA:89,0
DA:90,0
DA:92,0
DA:94,0
DA:97,0
DA:98,0
DA:99,0
DA:101,0
DA:106,0
DA:107,0
DA:109,0
DA:111,0
DA:112,0
DA:114,0
DA:116,0
DA:123,0
DA:126,0
DA:127,0
DA:129,0
DA:130,0
DA:131,0
DA:133,0
DA:134,0
DA:135,0
DA:136,0
DA:139,0
DA:140,0
DA:141,0
DA:142,0
DA:153,0
DA:155,0
DA:157,0
DA:160,0
DA:161,0
DA:164,0
DA:165,0
DA:166,0
DA:167,0
DA:168,0
DA:169,0
DA:170,0
DA:171,0
DA:198,0
DA:199,0
DA:200,0
DA:204,0
DA:205,0
DA:206,0
DA:217,0
DA:220,0
DA:226,0
DA:227,0
DA:232,0
end_of_record

SF:/home/aman/Desktop/Fuzz data/one-world-fuzz/lib/forge-std/src/mocks/MockERC721.sol
DA:8,0
DA:17,0
DA:18,0
DA:21,0
DA:22,0
DA:25,0
DA:35,0
DA:36,0
DA:39,0
DA:40,0
DA:42,0
DA:53,0
DA:54,0
DA:57,0
DA:58,0
DA:70,0
DA:71,0
DA:73,0
DA:74,0
DA:76,0
DA:83,0
DA:84,0
DA:86,0
DA:88,0
DA:90,0
DA:93,0
DA:94,0
DA:96,0
DA:99,0
DA:100,0
DA:102,0
DA:104,0
DA:105,0
DA:111,0
DA:113,0
DA:115,0
DA:117,0
DA:119,0
DA:122,0
DA:123,0
DA:125,0
DA:126,0
DA:127,0
DA:128,0
DA:133,0
DA:139,0
DA:141,0
DA:142,0
DA:143,0
DA:144,0
DA:153,0
DA:154,0
DA:155,0
DA:156,0
DA:226,0
DA:229,0
end_of_record

SF:/home/aman/Desktop/Fuzz data/one-world-fuzz/lib/forge-std/src/safeconsole.sol
DA:6,0
end_of_record

SF:/home/aman/Desktop/Fuzz data/one-world-fuzz/lib/openzeppelin-contracts/contracts/access/AccessControl.sol
DA:60,0
DA:61,1
DA:85,8
DA:86,2
DA:94,0
DA:95,0
DA:96,0
DA:98,0
DA:102,2
DA:106,1
DA:107,26
DA:118,3
DA:121,4
DA:122,1
DA:127,1
DA:129,8
DA:131,0
DA:138,0
DA:142,0
DA:144,0
DA:153,0
DA:156,0
DA:157,0
DA:168,0
DA:170,0
DA:171,0
DA:185,0
DA:188,0
DA:193,0
DA:194,0
DA:210,60
end_of_record

SF:/home/aman/Desktop/Fuzz data/one-world-fuzz/lib/openzeppelin-contracts/contracts/access/IAccessControl.sol
DA:99,89
end_of_record

SF:/home/aman/Desktop/Fuzz data/one-world-fuzz/lib/openzeppelin-contracts/contracts/access/Ownable.sol
DA:70,1
DA:81,0
DA:83,0
DA:84,0
DA:85,0
DA:86,0
DA:101,401
end_of_record

SF:/home/aman/Desktop/Fuzz data/one-world-fuzz/lib/openzeppelin-contracts/contracts/interfaces/IERC1363.sol
DA:22,1
DA:23,6
end_of_record

SF:/home/aman/Desktop/Fuzz data/one-world-fuzz/lib/openzeppelin-contracts/contracts/interfaces/IERC165.sol
DA:7,0
end_of_record

SF:/home/aman/Desktop/Fuzz data/one-world-fuzz/lib/openzeppelin-contracts/contracts/interfaces/IERC1967.sol
DA:25,72
end_of_record

SF:/home/aman/Desktop/Fuzz data/one-world-fuzz/lib/openzeppelin-contracts/contracts/interfaces/IERC20.sol
end_of_record

SF:/home/aman/Desktop/Fuzz data/one-world-fuzz/lib/openzeppelin-contracts/contracts/interfaces/draft-IERC6093.sol
DA:32,0
DA:33,0
DA:36,0
DA:39,0
DA:40,0
DA:44,0
DA:45,0
DA:46,0
DA:57,0
DA:58,0
DA:59,0
DA:64,0
DA:67,0
DA:70,0
DA:73,0
DA:75,0
DA:77,0
end_of_record

SF:/home/aman/Desktop/Fuzz data/one-world-fuzz/lib/openzeppelin-contracts/contracts/proxy/ERC1967/ERC1967Proxy.sol
end_of_record

SF:/home/aman/Desktop/Fuzz data/one-world-fuzz/lib/openzeppelin-contracts/contracts/proxy/ERC1967/ERC1967Utils.sol
end_of_record

SF:/home/aman/Desktop/Fuzz data/one-world-fuzz/lib/openzeppelin-contracts/contracts/proxy/Proxy.sol
end_of_record

SF:/home/aman/Desktop/Fuzz data/one-world-fuzz/lib/openzeppelin-contracts/contracts/proxy/beacon/IBeacon.sol
end_of_record

SF:/home/aman/Desktop/Fuzz data/one-world-fuzz/lib/openzeppelin-contracts/contracts/proxy/transparent/ProxyAdmin.sol
end_of_record

SF:/home/aman/Desktop/Fuzz data/one-world-fuzz/lib/openzeppelin-contracts/contracts/proxy/transparent/TransparentUpgradeableProxy.sol
DA:13,0
DA:23,0
DA:25,0
DA:30,5
DA:31,10
end_of_record

SF:/home/aman/Desktop/Fuzz data/one-world-fuzz/lib/openzeppelin-contracts/contracts/token/ERC1155/ERC1155.sol
DA:12,0
DA:19,2
DA:40,2
DA:42,6
DA:44,1
DA:50,3
DA:51,10
DA:52,0
DA:64,1
DA:65,4
DA:66,1
DA:69,9
DA:71,2
DA:72,3
DA:73,6
DA:75,1
DA:76,0
DA:96,0
DA:101,0
DA:103,0
DA:107,0
DA:109,0
DA:112,0
DA:114,0
DA:117,0
DA:118,0
DA:173,1
DA:176,14
end_of_record

SF:/home/aman/Desktop/Fuzz data/one-world-fuzz/lib/openzeppelin-contracts/contracts/token/ERC1155/IERC1155.sol
DA:30,2
DA:37,8
DA:40,5
DA:41,4
DA:43,4
DA:46,1
DA:48,9
DA:51,4
DA:69,2
DA:71,14
DA:78,5
end_of_record

SF:/home/aman/Desktop/Fuzz data/one-world-fuzz/lib/openzeppelin-contracts/contracts/token/ERC1155/IERC1155Receiver.sol
end_of_record

SF:/home/aman/Desktop/Fuzz data/one-world-fuzz/lib/openzeppelin-contracts/contracts/token/ERC1155/extensions/ERC1155Burnable.sol
DA:14,0
DA:29,0
end_of_record

SF:/home/aman/Desktop/Fuzz data/one-world-fuzz/lib/openzeppelin-contracts/contracts/token/ERC1155/extensions/ERC1155Supply.sol
DA:91,84
end_of_record

SF:/home/aman/Desktop/Fuzz data/one-world-fuzz/lib/openzeppelin-contracts/contracts/token/ERC1155/extensions/IERC1155MetadataURI.sol
DA:21,0
end_of_record

SF:/home/aman/Desktop/Fuzz data/one-world-fuzz/lib/openzeppelin-contracts/contracts/token/ERC1155/utils/ERC1155Utils.sol
end_of_record

SF:/home/aman/Desktop/Fuzz data/one-world-fuzz/lib/openzeppelin-contracts/contracts/token/ERC20/ERC20.sol
end_of_record

SF:/home/aman/Desktop/Fuzz data/one-world-fuzz/lib/openzeppelin-contracts/contracts/token/ERC20/IERC20.sol
end_of_record

SF:/home/aman/Desktop/Fuzz data/one-world-fuzz/lib/openzeppelin-contracts/contracts/token/ERC20/extensions/IERC20Metadata.sol
DA:27,0
end_of_record

SF:/home/aman/Desktop/Fuzz data/one-world-fuzz/lib/openzeppelin-contracts/contracts/token/ERC20/utils/SafeERC20.sol
end_of_record

SF:/home/aman/Desktop/Fuzz data/one-world-fuzz/lib/openzeppelin-contracts/contracts/utils/Address.sol
DA:18,0
DA:28,1
DA:31,70
DA:32,2
DA:33,11
DA:35,0
DA:40,0
DA:45,0
DA:49,0
DA:62,0
DA:68,0
DA:71,0
DA:72,0
DA:73,0
DA:75,0
end_of_record

SF:/home/aman/Desktop/Fuzz data/one-world-fuzz/lib/openzeppelin-contracts/contracts/utils/Arrays.sol
DA:35,0
DA:36,0
DA:37,0
DA:41,8
DA:43,0
DA:49,0
DA:57,0
DA:59,0
DA:62,0
DA:64,0
DA:65,0
DA:72,0
DA:74,0
DA:78,0
DA:80,0
DA:81,25
DA:85,22
DA:86,10
DA:102,13
DA:106,1
DA:107,11
DA:108,4
DA:115,1
DA:116,5
DA:117,0
DA:119,5
DA:120,0
DA:121,6
DA:127,5
DA:129,4
DA:130,2
DA:134,0
DA:135,21
DA:140,0
DA:144,19
DA:149,6
DA:151,0
DA:159,19
DA:161,18
DA:174,0
DA:177,0
DA:179,0
DA:180,0
DA:188,0
DA:193,0
DA:194,0
DA:195,0
DA:212,5
DA:213,8
DA:235,6
DA:236,5
DA:237,0
DA:238,0
DA:239,5
DA:241,0
DA:244,32
DA:245,18
DA:255,5
DA:256,2
DA:258,4
DA:259,0
DA:260,0
DA:262,1
DA:263,0
DA:264,0
DA:265,0
end_of_record

SF:/home/aman/Desktop/Fuzz data/one-world-fuzz/lib/openzeppelin-contracts/contracts/utils/Comparators.sol
end_of_record

SF:/home/aman/Desktop/Fuzz data/one-world-fuzz/lib/openzeppelin-contracts/contracts/utils/Context.sol
end_of_record

SF:/home/aman/Desktop/Fuzz data/one-world-fuzz/lib/openzeppelin-contracts/contracts/utils/Errors.sol
DA:26,0
DA:35,0
end_of_record

SF:/home/aman/Desktop/Fuzz data/one-world-fuzz/lib/openzeppelin-contracts/contracts/utils/Panic.sol
DA:11,0
DA:58,91
end_of_record

SF:/home/aman/Desktop/Fuzz data/one-world-fuzz/lib/openzeppelin-contracts/contracts/utils/SlotDerivation.sol
DA:10,0
DA:156,36
end_of_record

SF:/home/aman/Desktop/Fuzz data/one-world-fuzz/lib/openzeppelin-contracts/contracts/utils/StorageSlot.sol
DA:8,0
end_of_record

SF:/home/aman/Desktop/Fuzz data/one-world-fuzz/lib/openzeppelin-contracts/contracts/utils/Strings.sol
DA:24,0
DA:26,4
end_of_record

SF:/home/aman/Desktop/Fuzz data/one-world-fuzz/lib/openzeppelin-contracts/contracts/utils/introspection/ERC165.sol
DA:12,0
end_of_record

SF:/home/aman/Desktop/Fuzz data/one-world-fuzz/lib/openzeppelin-contracts/contracts/utils/introspection/IERC165.sol
DA:19,0
end_of_record

SF:/home/aman/Desktop/Fuzz data/one-world-fuzz/lib/openzeppelin-contracts/contracts/utils/math/Math.sol
DA:48,0
end_of_record

SF:/home/aman/Desktop/Fuzz data/one-world-fuzz/lib/openzeppelin-contracts/contracts/utils/math/SafeCast.sol
DA:41,0
DA:58,0
end_of_record

SF:/home/aman/Desktop/Fuzz data/one-world-fuzz/lib/openzeppelin-contracts/contracts/utils/math/SignedMath.sol
DA:9,0
DA:17,0
DA:19,0
DA:20,0
DA:21,0
DA:22,0
DA:24,0
DA:29,0
DA:31,0
DA:32,0
DA:36,0
DA:38,0
DA:57,0
DA:58,0
DA:59,0
DA:60,0
DA:61,0
DA:64,0
end_of_record

SF:/home/aman/Desktop/Fuzz data/one-world-fuzz/lib/openzeppelin-contracts/contracts/utils/structs/EnumerableSet.sol
DA:24,0
DA:28,0
end_of_record

SF:/home/aman/Desktop/Fuzz data/one-world-fuzz/lib/openzeppelin-contracts-upgradeable/contracts/access/AccessControlUpgradeable.sol
end_of_record

SF:/home/aman/Desktop/Fuzz data/one-world-fuzz/lib/openzeppelin-contracts-upgradeable/contracts/proxy/utils/Initializable.sol
DA:8,0
DA:229,0
end_of_record

SF:/home/aman/Desktop/Fuzz data/one-world-fuzz/lib/openzeppelin-contracts-upgradeable/contracts/token/ERC1155/ERC1155Upgradeable.sol
DA:13,0
end_of_record

SF:/home/aman/Desktop/Fuzz data/one-world-fuzz/lib/openzeppelin-contracts-upgradeable/contracts/utils/ContextUpgradeable.sol
DA:8,0
end_of_record

SF:/home/aman/Desktop/Fuzz data/one-world-fuzz/lib/openzeppelin-contracts-upgradeable/contracts/utils/introspection/ERC165Upgradeable.sol
DA:34,88
end_of_record

SF:/home/aman/Desktop/Fuzz data/one-world-fuzz/src/MockERC20.sol
DA:6,45
DA:9,0
DA:10,0
DA:14,0
DA:15,0
DA:19,0
DA:20,0
end_of_record

SF:/home/aman/Desktop/Fuzz data/one-world-fuzz/src/OWPIdentity.sol
DA:12,0
DA:13,0
DA:15,0
DA:16,0
DA:18,0
DA:19,0
DA:20,0
DA:23,0
DA:24,0
DA:27,0
DA:28,0
DA:31,0
DA:35,0
DA:38,0
DA:42,0
DA:45,0
DA:49,0
DA:52,0
DA:56,0
DA:59,0
DA:63,0
DA:64,0
DA:66,0
DA:67,0
DA:72,0
DA:78,0
DA:79,0
DA:82,0
DA:86,0
DA:88,0
DA:89,0
DA:90,0
DA:93,0
DA:94,0
DA:99,0
DA:104,0
DA:108,0
DA:110,0
end_of_record

SF:/home/aman/Desktop/Fuzz data/one-world-fuzz/src/Setup.sol
DA:12,0
DA:13,0
DA:16,0
DA:17,0
DA:20,0
DA:29,0
DA:31,0
DA:32,0
DA:33,0
DA:34,0
DA:35,0
DA:36,0
DA:41,0
DA:42,0
DA:45,4
DA:49,8
DA:51,10
DA:52,13
DA:53,40
DA:54,81
DA:55,3
DA:56,7
DA:60,1
DA:61,75
DA:64,1
DA:65,9
DA:66,55
DA:71,1
DA:72,9
DA:73,22
DA:78,16
DA:88,26
end_of_record

SF:/home/aman/Desktop/Fuzz data/one-world-fuzz/src/TestFactory.sol
DA:8,74
DA:12,5
DA:14,42
DA:16,1
DA:17,1
DA:18,1
DA:19,1
DA:21,5
DA:24,35
DA:25,41
DA:26,1
DA:27,1
DA:28,1
DA:29,1
DA:31,41
DA:32,1
DA:33,1
DA:34,1
DA:35,1
DA:37,41
DA:38,1
DA:39,1
DA:40,1
DA:41,1
DA:44,6
DA:45,3
DA:48,5
DA:49,9
DA:50,69
DA:51,5
DA:52,1
DA:56,15
DA:57,8
DA:58,68
DA:59,4
DA:60,16
DA:61,28
DA:63,5
DA:67,5
DA:68,73
DA:69,7
DA:72,6
DA:73,10
DA:74,6
DA:76,7
DA:80,66
DA:81,12
DA:82,64
DA:83,10
DA:84,65
DA:85,1
DA:86,5
DA:88,7
DA:89,8
DA:93,6
DA:94,12
DA:95,7
DA:97,7
DA:101,66
DA:102,64
DA:103,1
DA:104,4
DA:106,6
DA:107,10
DA:109,66
DA:110,1
DA:111,11
DA:113,7
end_of_record

SF:/home/aman/Desktop/Fuzz data/one-world-fuzz/src/dao/CurrencyManager.sol
DA:13,76
DA:19,1
DA:24,0
DA:25,0
DA:26,0
DA:33,14
DA:36,5
DA:37,0
DA:38,10
DA:39,0
DA:40,6
DA:42,10
DA:49,0
DA:52,0
DA:53,0
DA:54,0
DA:56,0
DA:63,11
DA:65,1
DA:66,5
DA:72,0
DA:76,0
DA:78,0
DA:86,0
DA:89,0
DA:90,0
DA:92,0
DA:93,0
DA:96,0
DA:98,0
DA:99,0
DA:102,0
end_of_record

SF:/home/aman/Desktop/Fuzz data/one-world-fuzz/src/dao/MembershipFactory.sol
DA:15,112
DA:16,0
DA:17,4
DA:18,0
DA:19,0
DA:20,0
DA:22,136
DA:23,0
DA:24,56
DA:26,1
DA:34,0
DA:35,0
DA:36,0
DA:37,0
DA:38,0
DA:39,0
DA:40,0
DA:41,0
DA:47,0
DA:48,0
DA:55,19
DA:56,2
DA:57,67
DA:58,10
DA:59,19
DA:60,33
DA:61,15
DA:62,8
DA:66,1
DA:67,15
DA:68,26
DA:70,10
DA:72,33
DA:73,6
DA:74,4
DA:75,45
DA:78,16
DA:79,7
DA:80,28
DA:81,19
DA:82,8
DA:83,8
DA:85,13
DA:86,23
DA:87,72
DA:90,43
DA:91,60
DA:92,33
DA:93,1
DA:100,24
DA:101,1
DA:102,31
DA:103,6
DA:104,17
DA:105,13
DA:106,12
DA:107,17
DA:108,16
DA:111,1
DA:114,14
DA:115,10
DA:116,46
DA:121,8
DA:122,15
DA:123,77
DA:124,28
DA:128,10
DA:129,6
DA:132,7
DA:133,1
DA:140,22
DA:141,19
DA:142,79
DA:143,40
DA:144,14
DA:145,50
DA:146,90
DA:147,94
DA:148,50
DA:149,24
DA:155,20
DA:156,29
DA:157,26
DA:158,57
DA:159,56
DA:160,29
DA:163,0
DA:164,0
DA:165,0
DA:168,0
DA:169,0
DA:176,2
DA:177,0
DA:178,1
DA:179,1
DA:182,3
DA:186,1
DA:188,7
DA:189,0
DA:190,0
DA:193,0
DA:194,0
DA:199,1
DA:206,0
DA:207,0
DA:208,0
end_of_record

SF:/home/aman/Desktop/Fuzz data/one-world-fuzz/src/dao/interfaces/ICurrencyManager.sol
end_of_record

SF:/home/aman/Desktop/Fuzz data/one-world-fuzz/src/dao/interfaces/IERC1155Mintable.sol
end_of_record

SF:/home/aman/Desktop/Fuzz data/one-world-fuzz/src/dao/libraries/MembershipDAOStructs.sol
DA:4,4
end_of_record

SF:/home/aman/Desktop/Fuzz data/one-world-fuzz/src/dao/tokens/MembershipERC1155.sol
DA:13,96
DA:17,0
DA:18,1
DA:22,0
DA:23,0
DA:24,0
DA:26,0
DA:30,1
DA:35,0
DA:36,0
DA:39,23
DA:46,7
DA:47,7
DA:48,13
DA:49,16
DA:50,5
DA:51,6
DA:52,6
DA:53,6
DA:60,22
DA:61,36
DA:62,19
DA:69,17
DA:70,6
DA:73,1
DA:74,32
DA:75,7
DA:80,3
DA:81,2
DA:82,0
DA:83,0
DA:84,0
DA:91,0
DA:95,0
DA:96,0
DA:97,0
DA:98,0
DA:99,0
DA:107,5
DA:108,1
DA:113,0
DA:114,0
DA:117,0
DA:118,0
DA:119,0
DA:120,0
DA:122,0
DA:128,0
DA:129,0
DA:135,0
DA:136,0
DA:138,0
DA:139,0
DA:144,0
DA:145,0
DA:146,0
DA:147,0
DA:148,0
DA:149,0
DA:155,0
DA:156,0
DA:162,2
DA:163,37
DA:169,2
DA:170,47
DA:171,12
DA:172,12
DA:173,12
DA:174,12
DA:175,12
DA:176,6
DA:182,4
DA:183,10
DA:184,21
DA:185,12
DA:186,16
DA:191,0
DA:192,0
DA:193,0
DA:194,0
DA:195,0
DA:196,0
DA:198,0
DA:203,1
DA:209,12
DA:210,12
DA:211,7
DA:218,0
DA:219,0
DA:220,0
DA:221,0
end_of_record

SF:/home/aman/Desktop/Fuzz data/one-world-fuzz/src/meta-transaction/EIP712Base.sol
DA:6,0
DA:14,0
DA:15,0
DA:21,0
DA:25,0
DA:28,0
DA:29,0
DA:30,0
DA:32,0
DA:33,0
DA:34,0
DA:35,0
DA:40,0
DA:41,0
DA:44,0
DA:47,0
DA:59,0
DA:62,0
DA:66,0
end_of_record

SF:/home/aman/Desktop/Fuzz data/one-world-fuzz/src/meta-transaction/NativeMetaTransaction.sol
DA:6,0
DA:7,0
DA:8,0
DA:31,0
DA:33,0
DA:39,0
DA:40,0
DA:41,0
DA:46,8
DA:47,0
DA:52,0
DA:54,0
DA:56,0
DA:57,0
DA:58,0
DA:62,0
DA:63,0
DA:65,0
DA:67,0
DA:70,0
DA:73,0
DA:75,0
DA:76,0
DA:77,0
DA:79,0
DA:80,0
DA:81,0
DA:86,0
DA:87,0
DA:90,0
DA:96,0
DA:97,0
DA:98,0
DA:99,0
DA:100,0
DA:101,0
end_of_record

SF:/home/aman/Desktop/Fuzz data/one-world-fuzz/src/shared/testERC20.sol
DA:6,0
DA:9,0
DA:12,0
DA:13,0
DA:16,0
DA:17,0
end_of_record

SF:/home/aman/Desktop/Fuzz data/one-world-fuzz/test/test.t.sol
DA:15,0
DA:26,0
DA:27,0
DA:28,0
DA:29,0
DA:30,0
DA:31,0
DA:36,0
DA:37,0
DA:40,0
DA:45,0
DA:46,0
DA:47,0
DA:48,0
DA:51,0
DA:52,0
DA:55,0
DA:57,0
DA:59,0
DA:61,0
DA:62,0
DA:63,0
DA:66,0
DA:69,0
DA:70,0
DA:71,0
DA:72,0
DA:73,0
DA:74,0
DA:76,0
DA:77,0
DA:78,0
DA:79,0
DA:80,0
DA:82,0
DA:85,0
DA:86,0
DA:88,0
DA:89,0
DA:90,0
DA:91,0
DA:92,0
DA:94,0
DA:96,0
DA:97,0
DA:98,0
DA:99,0
DA:103,0
DA:104,0
DA:108,0
DA:109,0
DA:110,0
DA:111,0
DA:112,0
DA:113,0
DA:114,0
DA:115,0
DA:116,0
DA:117,0
DA:120,0
DA:121,0
DA:122,0
DA:124,0
DA:128,0
DA:129,0
DA:130,0
DA:133,0
DA:143,0
end_of_record

